2019-08-07 10:22:30,664 INFO o.a.j.u.JMeterUtils: Setting Locale to zh_CN
2019-08-07 10:22:30,717 INFO o.a.j.JMeter: Loading user properties from: /Users/chankit/software/apache-jmeter-3.3/bin/user.properties
2019-08-07 10:22:30,724 INFO o.a.j.JMeter: Loading system properties from: /Users/chankit/software/apache-jmeter-3.3/bin/system.properties
2019-08-07 10:22:30,736 INFO o.a.j.JMeter: Copyright (c) 1998-2017 The Apache Software Foundation
2019-08-07 10:22:30,736 INFO o.a.j.JMeter: Version 3.3 r1808647
2019-08-07 10:22:30,737 INFO o.a.j.JMeter: java.version=1.8.0_181
2019-08-07 10:22:30,737 INFO o.a.j.JMeter: java.vm.name=Java HotSpot(TM) 64-Bit Server VM
2019-08-07 10:22:30,738 INFO o.a.j.JMeter: os.name=Mac OS X
2019-08-07 10:22:30,738 INFO o.a.j.JMeter: os.arch=x86_64
2019-08-07 10:22:30,739 INFO o.a.j.JMeter: os.version=10.13.3
2019-08-07 10:22:30,739 INFO o.a.j.JMeter: file.encoding=UTF-8
2019-08-07 10:22:30,740 INFO o.a.j.JMeter: Max memory     =536870912
2019-08-07 10:22:30,741 INFO o.a.j.JMeter: Available Processors =4
2019-08-07 10:22:30,770 INFO o.a.j.JMeter: Default Locale=中文 (中国)
2019-08-07 10:22:30,771 INFO o.a.j.JMeter: JMeter  Locale=中文 (中国)
2019-08-07 10:22:30,772 INFO o.a.j.JMeter: JMeterHome=/Users/chankit/software/apache-jmeter-3.3
2019-08-07 10:22:30,772 INFO o.a.j.JMeter: user.dir  =/Users/chankit/software/nodejs
2019-08-07 10:22:30,772 INFO o.a.j.JMeter: PWD       =/Users/chankit/software/nodejs
2019-08-07 10:22:30,777 INFO o.a.j.JMeter: IP: 127.0.0.1 Name: chandeMacBook-Pro.local FullName: localhost
2019-08-07 10:22:35,150 INFO o.a.j.g.a.LookAndFeelCommand: Using look and feel: com.apple.laf.AquaLookAndFeel [Mac OS X, System]
2019-08-07 10:22:35,161 INFO o.a.j.JMeter: Loaded icon properties from org/apache/jmeter/images/icon.properties
2019-08-07 10:22:36,789 INFO o.a.j.e.u.CompoundVariable: Note: Function class names must contain the string: '.functions.'
2019-08-07 10:22:36,789 INFO o.a.j.e.u.CompoundVariable: Note: Function class names must not contain the string: '.gui.'
2019-08-07 10:22:38,963 INFO o.a.j.g.u.MenuFactory: Skipping org.apache.jmeter.assertions.BSFAssertion
2019-08-07 10:22:40,101 INFO o.a.j.g.u.MenuFactory: Skipping org.apache.jmeter.extractor.BSFPostProcessor
2019-08-07 10:22:40,192 INFO o.a.j.g.u.MenuFactory: Skipping org.apache.jmeter.modifiers.BSFPreProcessor
2019-08-07 10:22:40,264 INFO o.a.j.p.h.s.HTTPSamplerBase: Parser for text/html is org.apache.jmeter.protocol.http.parser.LagartoBasedHtmlParser
2019-08-07 10:22:40,265 INFO o.a.j.p.h.s.HTTPSamplerBase: Parser for application/xhtml+xml is org.apache.jmeter.protocol.http.parser.LagartoBasedHtmlParser
2019-08-07 10:22:40,265 INFO o.a.j.p.h.s.HTTPSamplerBase: Parser for application/xml is org.apache.jmeter.protocol.http.parser.LagartoBasedHtmlParser
2019-08-07 10:22:40,265 INFO o.a.j.p.h.s.HTTPSamplerBase: Parser for text/xml is org.apache.jmeter.protocol.http.parser.LagartoBasedHtmlParser
2019-08-07 10:22:40,265 INFO o.a.j.p.h.s.HTTPSamplerBase: Parser for text/vnd.wap.wml is org.apache.jmeter.protocol.http.parser.RegexpHTMLParser
2019-08-07 10:22:40,265 INFO o.a.j.p.h.s.HTTPSamplerBase: Parser for text/css is org.apache.jmeter.protocol.http.parser.CssParser
2019-08-07 10:22:40,988 INFO o.a.j.e.KeyToolUtils: keytool found at 'keytool'
2019-08-07 10:22:40,989 INFO o.a.j.p.h.p.ProxyControl: HTTP(S) Test Script Recorder SSL Proxy will use keys that support embedded 3rd party resources in file /Users/chankit/software/apache-jmeter-3.3/bin/proxyserver.jks
2019-08-07 10:22:41,302 INFO o.a.j.g.u.MenuFactory: Skipping org.apache.jmeter.protocol.java.sampler.BSFSampler
2019-08-07 10:22:41,428 INFO o.a.j.s.FileServer: Default base='/Users/chankit/software/nodejs'
2019-08-07 10:22:41,588 INFO o.a.j.g.u.MenuFactory: Skipping org.apache.jmeter.protocol.mongodb.config.MongoSourceElement
2019-08-07 10:22:41,588 INFO o.a.j.g.u.MenuFactory: Skipping org.apache.jmeter.protocol.mongodb.sampler.MongoScriptSampler
2019-08-07 10:22:41,892 INFO o.a.j.g.u.MenuFactory: Skipping org.apache.jmeter.timers.BSFTimer
2019-08-07 10:22:41,973 INFO o.a.j.g.u.MenuFactory: Skipping org.apache.jmeter.visualizers.BSFListener
2019-08-07 10:22:42,332 INFO o.a.j.s.SampleResult: Note: Sample TimeStamps are START times
2019-08-07 10:22:42,333 INFO o.a.j.s.SampleResult: sampleresult.default.encoding is set to ISO-8859-1
2019-08-07 10:22:42,333 INFO o.a.j.s.SampleResult: sampleresult.useNanoTime=true
2019-08-07 10:22:42,333 INFO o.a.j.s.SampleResult: sampleresult.nanoThreadSleep=5000
2019-08-07 10:26:15,687 INFO o.a.j.e.StandardJMeterEngine: Running the test!
2019-08-07 10:26:15,692 INFO o.a.j.s.SampleEvent: List of sample_variables: []
2019-08-07 10:26:15,693 INFO o.a.j.s.SampleEvent: List of sample_variables: []
2019-08-07 10:26:15,710 INFO o.a.j.g.u.JMeterMenuBar: setRunning(true, *local*)
2019-08-07 10:26:15,947 INFO o.a.j.e.StandardJMeterEngine: Starting ThreadGroup: 1 : 线程组
2019-08-07 10:26:15,947 INFO o.a.j.e.StandardJMeterEngine: Starting 1 threads for group 线程组.
2019-08-07 10:26:15,948 INFO o.a.j.e.StandardJMeterEngine: Thread will continue on error
2019-08-07 10:26:15,948 INFO o.a.j.t.ThreadGroup: Starting thread group... number=1 threads=1 ramp-up=1 perThread=1000.0 delayedStart=false
2019-08-07 10:26:15,968 INFO o.a.j.t.ThreadGroup: Started thread group number 1
2019-08-07 10:26:15,969 INFO o.a.j.e.StandardJMeterEngine: All thread groups have been started
2019-08-07 10:26:15,973 INFO o.a.j.t.JMeterThread: Thread started: 线程组 1-1
2019-08-07 10:26:16,034 INFO o.a.j.t.JMeterThread: Thread is done: 线程组 1-1
2019-08-07 10:26:16,036 INFO o.a.j.t.JMeterThread: Thread finished: 线程组 1-1
2019-08-07 10:26:16,037 INFO o.a.j.e.StandardJMeterEngine: Notifying test listeners of end of test
2019-08-07 10:26:16,042 INFO o.a.j.g.u.JMeterMenuBar: setRunning(false, *local*)
2019-08-07 10:27:19,509 INFO o.a.j.e.StandardJMeterEngine: Running the test!
2019-08-07 10:27:19,511 INFO o.a.j.s.SampleEvent: List of sample_variables: []
2019-08-07 10:27:19,516 INFO o.a.j.g.u.JMeterMenuBar: setRunning(true, *local*)
2019-08-07 10:27:19,660 INFO o.a.j.e.StandardJMeterEngine: Starting ThreadGroup: 1 : 线程组
2019-08-07 10:27:19,661 INFO o.a.j.e.StandardJMeterEngine: Starting 1 threads for group 线程组.
2019-08-07 10:27:19,661 INFO o.a.j.e.StandardJMeterEngine: Thread will continue on error
2019-08-07 10:27:19,661 INFO o.a.j.t.ThreadGroup: Starting thread group... number=1 threads=1 ramp-up=1 perThread=1000.0 delayedStart=false
2019-08-07 10:27:19,663 INFO o.a.j.t.ThreadGroup: Started thread group number 1
2019-08-07 10:27:19,663 INFO o.a.j.e.StandardJMeterEngine: All thread groups have been started
2019-08-07 10:27:19,664 INFO o.a.j.t.JMeterThread: Thread started: 线程组 1-1
2019-08-07 10:27:19,666 INFO o.a.j.t.JMeterThread: Thread is done: 线程组 1-1
2019-08-07 10:27:19,666 INFO o.a.j.t.JMeterThread: Thread finished: 线程组 1-1
2019-08-07 10:27:19,667 INFO o.a.j.e.StandardJMeterEngine: Notifying test listeners of end of test
2019-08-07 10:27:19,668 INFO o.a.j.g.u.JMeterMenuBar: setRunning(false, *local*)
2019-08-07 10:27:32,508 INFO o.a.j.e.StandardJMeterEngine: Running the test!
2019-08-07 10:27:32,509 INFO o.a.j.s.SampleEvent: List of sample_variables: []
2019-08-07 10:27:32,511 INFO o.a.j.g.u.JMeterMenuBar: setRunning(true, *local*)
2019-08-07 10:27:32,649 INFO o.a.j.e.StandardJMeterEngine: Starting ThreadGroup: 1 : 线程组
2019-08-07 10:27:32,649 INFO o.a.j.e.StandardJMeterEngine: Starting 1 threads for group 线程组.
2019-08-07 10:27:32,649 INFO o.a.j.e.StandardJMeterEngine: Thread will continue on error
2019-08-07 10:27:32,649 INFO o.a.j.t.ThreadGroup: Starting thread group... number=1 threads=1 ramp-up=1 perThread=1000.0 delayedStart=false
2019-08-07 10:27:32,650 INFO o.a.j.t.ThreadGroup: Started thread group number 1
2019-08-07 10:27:32,650 INFO o.a.j.e.StandardJMeterEngine: All thread groups have been started
2019-08-07 10:27:32,651 INFO o.a.j.t.JMeterThread: Thread started: 线程组 1-1
2019-08-07 10:27:32,657 INFO o.a.j.t.JMeterThread: Thread is done: 线程组 1-1
2019-08-07 10:27:32,658 INFO o.a.j.t.JMeterThread: Thread finished: 线程组 1-1
2019-08-07 10:27:32,664 INFO o.a.j.e.StandardJMeterEngine: Notifying test listeners of end of test
2019-08-07 10:27:32,664 INFO o.a.j.g.u.JMeterMenuBar: setRunning(false, *local*)
2019-08-07 10:27:45,487 INFO o.a.j.e.StandardJMeterEngine: Running the test!
2019-08-07 10:27:45,487 INFO o.a.j.s.SampleEvent: List of sample_variables: []
2019-08-07 10:27:45,490 INFO o.a.j.g.u.JMeterMenuBar: setRunning(true, *local*)
2019-08-07 10:27:45,634 INFO o.a.j.e.StandardJMeterEngine: Starting ThreadGroup: 1 : 线程组
2019-08-07 10:27:45,634 INFO o.a.j.e.StandardJMeterEngine: Starting 1 threads for group 线程组.
2019-08-07 10:27:45,635 INFO o.a.j.e.StandardJMeterEngine: Thread will continue on error
2019-08-07 10:27:45,635 INFO o.a.j.t.ThreadGroup: Starting thread group... number=1 threads=1 ramp-up=1 perThread=1000.0 delayedStart=false
2019-08-07 10:27:45,637 INFO o.a.j.t.ThreadGroup: Started thread group number 1
2019-08-07 10:27:45,637 INFO o.a.j.e.StandardJMeterEngine: All thread groups have been started
2019-08-07 10:27:45,638 INFO o.a.j.t.JMeterThread: Thread started: 线程组 1-1
2019-08-07 10:27:45,653 INFO o.a.j.t.JMeterThread: Thread is done: 线程组 1-1
2019-08-07 10:27:45,653 INFO o.a.j.t.JMeterThread: Thread finished: 线程组 1-1
2019-08-07 10:27:45,653 INFO o.a.j.e.StandardJMeterEngine: Notifying test listeners of end of test
2019-08-07 10:27:45,654 INFO o.a.j.g.u.JMeterMenuBar: setRunning(false, *local*)
2019-08-07 10:30:18,136 INFO o.a.j.e.StandardJMeterEngine: Running the test!
2019-08-07 10:30:18,138 INFO o.a.j.s.SampleEvent: List of sample_variables: []
2019-08-07 10:30:18,142 INFO o.a.j.g.u.JMeterMenuBar: setRunning(true, *local*)
2019-08-07 10:30:18,323 INFO o.a.j.e.StandardJMeterEngine: Starting ThreadGroup: 1 : 线程组
2019-08-07 10:30:18,324 INFO o.a.j.e.StandardJMeterEngine: Starting 1 threads for group 线程组.
2019-08-07 10:30:18,324 INFO o.a.j.e.StandardJMeterEngine: Thread will continue on error
2019-08-07 10:30:18,324 INFO o.a.j.t.ThreadGroup: Starting thread group... number=1 threads=1 ramp-up=1 perThread=1000.0 delayedStart=false
2019-08-07 10:30:18,325 INFO o.a.j.t.ThreadGroup: Started thread group number 1
2019-08-07 10:30:18,325 INFO o.a.j.e.StandardJMeterEngine: All thread groups have been started
2019-08-07 10:30:18,331 INFO o.a.j.t.JMeterThread: Thread started: 线程组 1-1
2019-08-07 10:30:18,332 INFO o.a.j.t.JMeterThread: Thread is done: 线程组 1-1
2019-08-07 10:30:18,333 INFO o.a.j.t.JMeterThread: Thread finished: 线程组 1-1
2019-08-07 10:30:18,333 INFO o.a.j.e.StandardJMeterEngine: Notifying test listeners of end of test
2019-08-07 10:30:18,333 INFO o.a.j.g.u.JMeterMenuBar: setRunning(false, *local*)
2019-08-07 10:30:39,226 INFO o.a.j.e.StandardJMeterEngine: Running the test!
2019-08-07 10:30:39,227 INFO o.a.j.s.SampleEvent: List of sample_variables: []
2019-08-07 10:30:39,228 INFO o.a.j.g.u.JMeterMenuBar: setRunning(true, *local*)
2019-08-07 10:30:39,351 INFO o.a.j.e.StandardJMeterEngine: Starting ThreadGroup: 1 : 线程组
2019-08-07 10:30:39,352 INFO o.a.j.e.StandardJMeterEngine: Starting 1 threads for group 线程组.
2019-08-07 10:30:39,352 INFO o.a.j.e.StandardJMeterEngine: Thread will continue on error
2019-08-07 10:30:39,352 INFO o.a.j.t.ThreadGroup: Starting thread group... number=1 threads=1 ramp-up=1 perThread=1000.0 delayedStart=false
2019-08-07 10:30:39,352 INFO o.a.j.t.ThreadGroup: Started thread group number 1
2019-08-07 10:30:39,353 INFO o.a.j.e.StandardJMeterEngine: All thread groups have been started
2019-08-07 10:30:39,355 INFO o.a.j.t.JMeterThread: Thread started: 线程组 1-1
2019-08-07 10:30:42,808 INFO o.a.j.t.JMeterThread: Thread is done: 线程组 1-1
2019-08-07 10:30:42,808 INFO o.a.j.t.JMeterThread: Thread finished: 线程组 1-1
2019-08-07 10:30:42,809 INFO o.a.j.e.StandardJMeterEngine: Notifying test listeners of end of test
2019-08-07 10:30:42,810 INFO o.a.j.g.u.JMeterMenuBar: setRunning(false, *local*)
2019-08-07 10:32:43,731 INFO o.a.j.e.StandardJMeterEngine: Running the test!
2019-08-07 10:32:43,732 INFO o.a.j.s.SampleEvent: List of sample_variables: []
2019-08-07 10:32:43,740 INFO o.a.j.g.u.JMeterMenuBar: setRunning(true, *local*)
2019-08-07 10:32:43,948 INFO o.a.j.e.StandardJMeterEngine: Starting ThreadGroup: 1 : 线程组
2019-08-07 10:32:43,949 INFO o.a.j.e.StandardJMeterEngine: Starting 1 threads for group 线程组.
2019-08-07 10:32:43,949 INFO o.a.j.e.StandardJMeterEngine: Thread will continue on error
2019-08-07 10:32:43,949 INFO o.a.j.t.ThreadGroup: Starting thread group... number=1 threads=1 ramp-up=1 perThread=1000.0 delayedStart=false
2019-08-07 10:32:43,951 INFO o.a.j.t.ThreadGroup: Started thread group number 1
2019-08-07 10:32:43,951 INFO o.a.j.e.StandardJMeterEngine: All thread groups have been started
2019-08-07 10:32:43,959 INFO o.a.j.t.JMeterThread: Thread started: 线程组 1-1
2019-08-07 10:32:46,477 INFO o.a.j.t.JMeterThread: Thread is done: 线程组 1-1
2019-08-07 10:32:46,477 INFO o.a.j.t.JMeterThread: Thread finished: 线程组 1-1
2019-08-07 10:32:46,477 INFO o.a.j.e.StandardJMeterEngine: Notifying test listeners of end of test
2019-08-07 10:32:46,478 INFO o.a.j.g.u.JMeterMenuBar: setRunning(false, *local*)
2019-08-07 10:34:19,053 INFO o.a.j.e.StandardJMeterEngine: Running the test!
2019-08-07 10:34:19,055 INFO o.a.j.s.SampleEvent: List of sample_variables: []
2019-08-07 10:34:19,065 INFO o.a.j.g.u.JMeterMenuBar: setRunning(true, *local*)
2019-08-07 10:34:19,214 INFO o.a.j.e.StandardJMeterEngine: Starting ThreadGroup: 1 : 线程组
2019-08-07 10:34:19,214 INFO o.a.j.e.StandardJMeterEngine: Starting 1 threads for group 线程组.
2019-08-07 10:34:19,215 INFO o.a.j.e.StandardJMeterEngine: Thread will continue on error
2019-08-07 10:34:19,215 INFO o.a.j.t.ThreadGroup: Starting thread group... number=1 threads=1 ramp-up=1 perThread=1000.0 delayedStart=false
2019-08-07 10:34:19,218 INFO o.a.j.t.ThreadGroup: Started thread group number 1
2019-08-07 10:34:19,218 INFO o.a.j.e.StandardJMeterEngine: All thread groups have been started
2019-08-07 10:34:19,223 INFO o.a.j.t.JMeterThread: Thread started: 线程组 1-1
2019-08-07 10:34:21,796 INFO o.a.j.t.JMeterThread: Thread is done: 线程组 1-1
2019-08-07 10:34:21,798 INFO o.a.j.t.JMeterThread: Thread finished: 线程组 1-1
2019-08-07 10:34:21,799 INFO o.a.j.e.StandardJMeterEngine: Notifying test listeners of end of test
2019-08-07 10:34:21,799 INFO o.a.j.g.u.JMeterMenuBar: setRunning(false, *local*)
2019-08-07 10:35:51,090 INFO o.a.j.e.StandardJMeterEngine: Running the test!
2019-08-07 10:35:51,092 INFO o.a.j.s.SampleEvent: List of sample_variables: []
2019-08-07 10:35:51,094 INFO o.a.j.g.u.JMeterMenuBar: setRunning(true, *local*)
2019-08-07 10:35:51,226 INFO o.a.j.e.StandardJMeterEngine: Starting ThreadGroup: 1 : 线程组
2019-08-07 10:35:51,226 INFO o.a.j.e.StandardJMeterEngine: Starting 1 threads for group 线程组.
2019-08-07 10:35:51,226 INFO o.a.j.e.StandardJMeterEngine: Thread will continue on error
2019-08-07 10:35:51,227 INFO o.a.j.t.ThreadGroup: Starting thread group... number=1 threads=1 ramp-up=1 perThread=1000.0 delayedStart=false
2019-08-07 10:35:51,227 INFO o.a.j.t.ThreadGroup: Started thread group number 1
2019-08-07 10:35:51,227 INFO o.a.j.e.StandardJMeterEngine: All thread groups have been started
2019-08-07 10:35:51,228 INFO o.a.j.t.JMeterThread: Thread started: 线程组 1-1
2019-08-07 10:35:53,740 INFO o.a.j.t.JMeterThread: Thread is done: 线程组 1-1
2019-08-07 10:35:53,740 INFO o.a.j.t.JMeterThread: Thread finished: 线程组 1-1
2019-08-07 10:35:53,741 INFO o.a.j.e.StandardJMeterEngine: Notifying test listeners of end of test
2019-08-07 10:35:53,741 INFO o.a.j.g.u.JMeterMenuBar: setRunning(false, *local*)
2019-08-07 10:36:19,390 INFO o.a.j.e.StandardJMeterEngine: Running the test!
2019-08-07 10:36:19,390 INFO o.a.j.s.SampleEvent: List of sample_variables: []
2019-08-07 10:36:19,392 INFO o.a.j.g.u.JMeterMenuBar: setRunning(true, *local*)
2019-08-07 10:36:19,525 INFO o.a.j.e.StandardJMeterEngine: Starting ThreadGroup: 1 : 线程组
2019-08-07 10:36:19,525 INFO o.a.j.e.StandardJMeterEngine: Starting 1 threads for group 线程组.
2019-08-07 10:36:19,525 INFO o.a.j.e.StandardJMeterEngine: Thread will continue on error
2019-08-07 10:36:19,526 INFO o.a.j.t.ThreadGroup: Starting thread group... number=1 threads=1 ramp-up=1 perThread=1000.0 delayedStart=false
2019-08-07 10:36:19,526 INFO o.a.j.t.ThreadGroup: Started thread group number 1
2019-08-07 10:36:19,526 INFO o.a.j.e.StandardJMeterEngine: All thread groups have been started
2019-08-07 10:36:19,528 INFO o.a.j.t.JMeterThread: Thread started: 线程组 1-1
2019-08-07 10:36:22,125 INFO o.a.j.t.JMeterThread: Thread is done: 线程组 1-1
2019-08-07 10:36:22,128 INFO o.a.j.t.JMeterThread: Thread finished: 线程组 1-1
2019-08-07 10:36:22,128 INFO o.a.j.e.StandardJMeterEngine: Notifying test listeners of end of test
2019-08-07 10:36:22,129 INFO o.a.j.g.u.JMeterMenuBar: setRunning(false, *local*)
2019-08-07 10:36:46,081 INFO o.a.j.e.StandardJMeterEngine: Running the test!
2019-08-07 10:36:46,081 INFO o.a.j.s.SampleEvent: List of sample_variables: []
2019-08-07 10:36:46,083 INFO o.a.j.g.u.JMeterMenuBar: setRunning(true, *local*)
2019-08-07 10:36:46,205 INFO o.a.j.e.StandardJMeterEngine: Starting ThreadGroup: 1 : 线程组
2019-08-07 10:36:46,205 INFO o.a.j.e.StandardJMeterEngine: Starting 1 threads for group 线程组.
2019-08-07 10:36:46,205 INFO o.a.j.e.StandardJMeterEngine: Thread will continue on error
2019-08-07 10:36:46,206 INFO o.a.j.t.ThreadGroup: Starting thread group... number=1 threads=1 ramp-up=1 perThread=1000.0 delayedStart=false
2019-08-07 10:36:46,206 INFO o.a.j.t.ThreadGroup: Started thread group number 1
2019-08-07 10:36:46,206 INFO o.a.j.e.StandardJMeterEngine: All thread groups have been started
2019-08-07 10:36:46,207 INFO o.a.j.t.JMeterThread: Thread started: 线程组 1-1
2019-08-07 10:36:48,753 INFO o.a.j.t.JMeterThread: Thread is done: 线程组 1-1
2019-08-07 10:36:48,753 INFO o.a.j.t.JMeterThread: Thread finished: 线程组 1-1
2019-08-07 10:36:48,753 INFO o.a.j.e.StandardJMeterEngine: Notifying test listeners of end of test
2019-08-07 10:36:48,754 INFO o.a.j.g.u.JMeterMenuBar: setRunning(false, *local*)
2019-08-07 10:37:13,379 INFO o.a.j.e.StandardJMeterEngine: Running the test!
2019-08-07 10:37:13,380 INFO o.a.j.s.SampleEvent: List of sample_variables: []
2019-08-07 10:37:13,382 INFO o.a.j.g.u.JMeterMenuBar: setRunning(true, *local*)
2019-08-07 10:37:13,507 INFO o.a.j.e.StandardJMeterEngine: Starting ThreadGroup: 1 : 线程组
2019-08-07 10:37:13,507 INFO o.a.j.e.StandardJMeterEngine: Starting 1 threads for group 线程组.
2019-08-07 10:37:13,508 INFO o.a.j.e.StandardJMeterEngine: Thread will continue on error
2019-08-07 10:37:13,508 INFO o.a.j.t.ThreadGroup: Starting thread group... number=1 threads=1 ramp-up=1 perThread=1000.0 delayedStart=false
2019-08-07 10:37:13,509 INFO o.a.j.t.ThreadGroup: Started thread group number 1
2019-08-07 10:37:13,509 INFO o.a.j.e.StandardJMeterEngine: All thread groups have been started
2019-08-07 10:37:13,512 INFO o.a.j.t.JMeterThread: Thread started: 线程组 1-1
2019-08-07 10:37:16,218 INFO o.a.j.t.JMeterThread: Thread is done: 线程组 1-1
2019-08-07 10:37:16,218 INFO o.a.j.t.JMeterThread: Thread finished: 线程组 1-1
2019-08-07 10:37:16,219 INFO o.a.j.e.StandardJMeterEngine: Notifying test listeners of end of test
2019-08-07 10:37:16,219 INFO o.a.j.g.u.JMeterMenuBar: setRunning(false, *local*)
2019-08-07 10:37:24,077 INFO o.a.j.e.StandardJMeterEngine: Running the test!
2019-08-07 10:37:24,080 INFO o.a.j.s.SampleEvent: List of sample_variables: []
2019-08-07 10:37:24,082 INFO o.a.j.g.u.JMeterMenuBar: setRunning(true, *local*)
2019-08-07 10:37:24,199 INFO o.a.j.e.StandardJMeterEngine: Starting ThreadGroup: 1 : 线程组
2019-08-07 10:37:24,199 INFO o.a.j.e.StandardJMeterEngine: Starting 1 threads for group 线程组.
2019-08-07 10:37:24,199 INFO o.a.j.e.StandardJMeterEngine: Thread will continue on error
2019-08-07 10:37:24,200 INFO o.a.j.t.ThreadGroup: Starting thread group... number=1 threads=1 ramp-up=1 perThread=1000.0 delayedStart=false
2019-08-07 10:37:24,200 INFO o.a.j.t.ThreadGroup: Started thread group number 1
2019-08-07 10:37:24,200 INFO o.a.j.e.StandardJMeterEngine: All thread groups have been started
2019-08-07 10:37:24,201 INFO o.a.j.t.JMeterThread: Thread started: 线程组 1-1
2019-08-07 10:37:27,071 INFO o.a.j.t.JMeterThread: Thread is done: 线程组 1-1
2019-08-07 10:37:27,072 INFO o.a.j.t.JMeterThread: Thread finished: 线程组 1-1
2019-08-07 10:37:27,072 INFO o.a.j.e.StandardJMeterEngine: Notifying test listeners of end of test
2019-08-07 10:37:27,073 INFO o.a.j.g.u.JMeterMenuBar: setRunning(false, *local*)
2019-08-07 10:37:34,763 INFO o.a.j.e.StandardJMeterEngine: Running the test!
2019-08-07 10:37:34,763 INFO o.a.j.s.SampleEvent: List of sample_variables: []
2019-08-07 10:37:34,765 INFO o.a.j.g.u.JMeterMenuBar: setRunning(true, *local*)
2019-08-07 10:37:34,892 INFO o.a.j.e.StandardJMeterEngine: Starting ThreadGroup: 1 : 线程组
2019-08-07 10:37:34,892 INFO o.a.j.e.StandardJMeterEngine: Starting 1 threads for group 线程组.
2019-08-07 10:37:34,893 INFO o.a.j.e.StandardJMeterEngine: Thread will continue on error
2019-08-07 10:37:34,893 INFO o.a.j.t.ThreadGroup: Starting thread group... number=1 threads=1 ramp-up=1 perThread=1000.0 delayedStart=false
2019-08-07 10:37:34,893 INFO o.a.j.t.ThreadGroup: Started thread group number 1
2019-08-07 10:37:34,893 INFO o.a.j.e.StandardJMeterEngine: All thread groups have been started
2019-08-07 10:37:34,894 INFO o.a.j.t.JMeterThread: Thread started: 线程组 1-1
2019-08-07 10:37:37,726 INFO o.a.j.t.JMeterThread: Thread is done: 线程组 1-1
2019-08-07 10:37:37,726 INFO o.a.j.t.JMeterThread: Thread finished: 线程组 1-1
2019-08-07 10:37:37,726 INFO o.a.j.e.StandardJMeterEngine: Notifying test listeners of end of test
2019-08-07 10:37:37,727 INFO o.a.j.g.u.JMeterMenuBar: setRunning(false, *local*)
2019-08-07 10:38:06,933 INFO o.a.j.e.StandardJMeterEngine: Running the test!
2019-08-07 10:38:06,934 INFO o.a.j.s.SampleEvent: List of sample_variables: []
2019-08-07 10:38:06,935 INFO o.a.j.g.u.JMeterMenuBar: setRunning(true, *local*)
2019-08-07 10:38:07,055 INFO o.a.j.e.StandardJMeterEngine: Starting ThreadGroup: 1 : 线程组
2019-08-07 10:38:07,056 INFO o.a.j.e.StandardJMeterEngine: Starting 1 threads for group 线程组.
2019-08-07 10:38:07,056 INFO o.a.j.e.StandardJMeterEngine: Thread will continue on error
2019-08-07 10:38:07,056 INFO o.a.j.t.ThreadGroup: Starting thread group... number=1 threads=1 ramp-up=1 perThread=1000.0 delayedStart=false
2019-08-07 10:38:07,056 INFO o.a.j.t.ThreadGroup: Started thread group number 1
2019-08-07 10:38:07,057 INFO o.a.j.e.StandardJMeterEngine: All thread groups have been started
2019-08-07 10:38:07,057 INFO o.a.j.t.JMeterThread: Thread started: 线程组 1-1
2019-08-07 10:38:09,850 INFO o.a.j.t.JMeterThread: Thread is done: 线程组 1-1
2019-08-07 10:38:09,850 INFO o.a.j.t.JMeterThread: Thread finished: 线程组 1-1
2019-08-07 10:38:09,851 INFO o.a.j.e.StandardJMeterEngine: Notifying test listeners of end of test
2019-08-07 10:38:09,852 INFO o.a.j.g.u.JMeterMenuBar: setRunning(false, *local*)
2019-08-07 10:38:16,319 INFO o.a.j.e.StandardJMeterEngine: Running the test!
2019-08-07 10:38:16,321 INFO o.a.j.s.SampleEvent: List of sample_variables: []
2019-08-07 10:38:16,322 INFO o.a.j.g.u.JMeterMenuBar: setRunning(true, *local*)
2019-08-07 10:38:16,443 INFO o.a.j.e.StandardJMeterEngine: Starting ThreadGroup: 1 : 线程组
2019-08-07 10:38:16,444 INFO o.a.j.e.StandardJMeterEngine: Starting 1 threads for group 线程组.
2019-08-07 10:38:16,444 INFO o.a.j.e.StandardJMeterEngine: Thread will continue on error
2019-08-07 10:38:16,444 INFO o.a.j.t.ThreadGroup: Starting thread group... number=1 threads=1 ramp-up=1 perThread=1000.0 delayedStart=false
2019-08-07 10:38:16,445 INFO o.a.j.t.ThreadGroup: Started thread group number 1
2019-08-07 10:38:16,445 INFO o.a.j.e.StandardJMeterEngine: All thread groups have been started
2019-08-07 10:38:16,445 INFO o.a.j.t.JMeterThread: Thread started: 线程组 1-1
2019-08-07 10:38:19,276 INFO o.a.j.t.JMeterThread: Thread is done: 线程组 1-1
2019-08-07 10:38:19,277 INFO o.a.j.t.JMeterThread: Thread finished: 线程组 1-1
2019-08-07 10:38:19,277 INFO o.a.j.e.StandardJMeterEngine: Notifying test listeners of end of test
2019-08-07 10:38:19,279 INFO o.a.j.g.u.JMeterMenuBar: setRunning(false, *local*)
2019-08-07 10:38:21,713 INFO o.a.j.e.StandardJMeterEngine: Running the test!
2019-08-07 10:38:21,716 INFO o.a.j.s.SampleEvent: List of sample_variables: []
2019-08-07 10:38:21,717 INFO o.a.j.g.u.JMeterMenuBar: setRunning(true, *local*)
2019-08-07 10:38:21,839 INFO o.a.j.e.StandardJMeterEngine: Starting ThreadGroup: 1 : 线程组
2019-08-07 10:38:21,839 INFO o.a.j.e.StandardJMeterEngine: Starting 1 threads for group 线程组.
2019-08-07 10:38:21,839 INFO o.a.j.e.StandardJMeterEngine: Thread will continue on error
2019-08-07 10:38:21,839 INFO o.a.j.t.ThreadGroup: Starting thread group... number=1 threads=1 ramp-up=1 perThread=1000.0 delayedStart=false
2019-08-07 10:38:21,840 INFO o.a.j.t.ThreadGroup: Started thread group number 1
2019-08-07 10:38:21,840 INFO o.a.j.e.StandardJMeterEngine: All thread groups have been started
2019-08-07 10:38:21,840 INFO o.a.j.t.JMeterThread: Thread started: 线程组 1-1
2019-08-07 10:38:24,623 INFO o.a.j.t.JMeterThread: Thread is done: 线程组 1-1
2019-08-07 10:38:24,623 INFO o.a.j.t.JMeterThread: Thread finished: 线程组 1-1
2019-08-07 10:38:24,623 INFO o.a.j.e.StandardJMeterEngine: Notifying test listeners of end of test
2019-08-07 10:38:24,625 INFO o.a.j.g.u.JMeterMenuBar: setRunning(false, *local*)
2019-08-07 10:39:04,425 INFO o.a.j.e.StandardJMeterEngine: Running the test!
2019-08-07 10:39:04,427 INFO o.a.j.s.SampleEvent: List of sample_variables: []
2019-08-07 10:39:04,428 INFO o.a.j.g.u.JMeterMenuBar: setRunning(true, *local*)
2019-08-07 10:39:04,552 INFO o.a.j.e.StandardJMeterEngine: Starting ThreadGroup: 1 : 线程组
2019-08-07 10:39:04,552 INFO o.a.j.e.StandardJMeterEngine: Starting 1 threads for group 线程组.
2019-08-07 10:39:04,552 INFO o.a.j.e.StandardJMeterEngine: Thread will continue on error
2019-08-07 10:39:04,552 INFO o.a.j.t.ThreadGroup: Starting thread group... number=1 threads=1 ramp-up=1 perThread=1000.0 delayedStart=false
2019-08-07 10:39:04,553 INFO o.a.j.t.ThreadGroup: Started thread group number 1
2019-08-07 10:39:04,553 INFO o.a.j.e.StandardJMeterEngine: All thread groups have been started
2019-08-07 10:39:04,553 INFO o.a.j.t.JMeterThread: Thread started: 线程组 1-1
2019-08-07 10:39:07,342 INFO o.a.j.t.JMeterThread: Thread is done: 线程组 1-1
2019-08-07 10:39:07,343 INFO o.a.j.t.JMeterThread: Thread finished: 线程组 1-1
2019-08-07 10:39:07,343 INFO o.a.j.e.StandardJMeterEngine: Notifying test listeners of end of test
2019-08-07 10:39:07,344 INFO o.a.j.g.u.JMeterMenuBar: setRunning(false, *local*)
2019-08-07 10:39:24,015 INFO o.a.j.e.StandardJMeterEngine: Running the test!
2019-08-07 10:39:24,016 INFO o.a.j.s.SampleEvent: List of sample_variables: []
2019-08-07 10:39:24,016 INFO o.a.j.g.u.JMeterMenuBar: setRunning(true, *local*)
2019-08-07 10:39:24,142 INFO o.a.j.e.StandardJMeterEngine: Starting ThreadGroup: 1 : 线程组
2019-08-07 10:39:24,142 INFO o.a.j.e.StandardJMeterEngine: Starting 1 threads for group 线程组.
2019-08-07 10:39:24,142 INFO o.a.j.e.StandardJMeterEngine: Thread will continue on error
2019-08-07 10:39:24,142 INFO o.a.j.t.ThreadGroup: Starting thread group... number=1 threads=1 ramp-up=1 perThread=1000.0 delayedStart=false
2019-08-07 10:39:24,142 INFO o.a.j.t.ThreadGroup: Started thread group number 1
2019-08-07 10:39:24,143 INFO o.a.j.e.StandardJMeterEngine: All thread groups have been started
2019-08-07 10:39:24,143 INFO o.a.j.t.JMeterThread: Thread started: 线程组 1-1
2019-08-07 10:39:26,854 INFO o.a.j.t.JMeterThread: Thread is done: 线程组 1-1
2019-08-07 10:39:26,854 INFO o.a.j.t.JMeterThread: Thread finished: 线程组 1-1
2019-08-07 10:39:26,855 INFO o.a.j.e.StandardJMeterEngine: Notifying test listeners of end of test
2019-08-07 10:39:26,856 INFO o.a.j.g.u.JMeterMenuBar: setRunning(false, *local*)
2019-08-07 10:39:41,676 INFO o.a.j.e.StandardJMeterEngine: Running the test!
2019-08-07 10:39:41,677 INFO o.a.j.s.SampleEvent: List of sample_variables: []
2019-08-07 10:39:41,678 INFO o.a.j.g.u.JMeterMenuBar: setRunning(true, *local*)
2019-08-07 10:39:41,802 INFO o.a.j.e.StandardJMeterEngine: Starting ThreadGroup: 1 : 线程组
2019-08-07 10:39:41,802 INFO o.a.j.e.StandardJMeterEngine: Starting 1 threads for group 线程组.
2019-08-07 10:39:41,802 INFO o.a.j.e.StandardJMeterEngine: Thread will continue on error
2019-08-07 10:39:41,802 INFO o.a.j.t.ThreadGroup: Starting thread group... number=1 threads=1 ramp-up=1 perThread=1000.0 delayedStart=false
2019-08-07 10:39:41,803 INFO o.a.j.t.ThreadGroup: Started thread group number 1
2019-08-07 10:39:41,803 INFO o.a.j.e.StandardJMeterEngine: All thread groups have been started
2019-08-07 10:39:41,803 INFO o.a.j.t.JMeterThread: Thread started: 线程组 1-1
2019-08-07 10:39:44,419 INFO o.a.j.t.JMeterThread: Thread is done: 线程组 1-1
2019-08-07 10:39:44,420 INFO o.a.j.t.JMeterThread: Thread finished: 线程组 1-1
2019-08-07 10:39:44,420 INFO o.a.j.e.StandardJMeterEngine: Notifying test listeners of end of test
2019-08-07 10:39:44,421 INFO o.a.j.g.u.JMeterMenuBar: setRunning(false, *local*)
2019-08-07 10:40:05,061 INFO o.a.j.e.StandardJMeterEngine: Running the test!
2019-08-07 10:40:05,061 INFO o.a.j.s.SampleEvent: List of sample_variables: []
2019-08-07 10:40:05,062 INFO o.a.j.g.u.JMeterMenuBar: setRunning(true, *local*)
2019-08-07 10:40:05,181 INFO o.a.j.e.StandardJMeterEngine: Starting ThreadGroup: 1 : 线程组
2019-08-07 10:40:05,181 INFO o.a.j.e.StandardJMeterEngine: Starting 1 threads for group 线程组.
2019-08-07 10:40:05,181 INFO o.a.j.e.StandardJMeterEngine: Thread will continue on error
2019-08-07 10:40:05,181 INFO o.a.j.t.ThreadGroup: Starting thread group... number=1 threads=1 ramp-up=1 perThread=1000.0 delayedStart=false
2019-08-07 10:40:05,181 INFO o.a.j.t.ThreadGroup: Started thread group number 1
2019-08-07 10:40:05,182 INFO o.a.j.e.StandardJMeterEngine: All thread groups have been started
2019-08-07 10:40:05,182 INFO o.a.j.t.JMeterThread: Thread started: 线程组 1-1
2019-08-07 10:40:07,837 INFO o.a.j.t.JMeterThread: Thread is done: 线程组 1-1
2019-08-07 10:40:07,837 INFO o.a.j.t.JMeterThread: Thread finished: 线程组 1-1
2019-08-07 10:40:07,837 INFO o.a.j.e.StandardJMeterEngine: Notifying test listeners of end of test
2019-08-07 10:40:07,838 INFO o.a.j.g.u.JMeterMenuBar: setRunning(false, *local*)
2019-08-07 10:41:19,619 INFO o.a.j.e.StandardJMeterEngine: Running the test!
2019-08-07 10:41:19,619 INFO o.a.j.s.SampleEvent: List of sample_variables: []
2019-08-07 10:41:19,621 INFO o.a.j.g.u.JMeterMenuBar: setRunning(true, *local*)
2019-08-07 10:41:19,748 INFO o.a.j.e.StandardJMeterEngine: Starting ThreadGroup: 1 : 线程组
2019-08-07 10:41:19,748 INFO o.a.j.e.StandardJMeterEngine: Starting 1 threads for group 线程组.
2019-08-07 10:41:19,748 INFO o.a.j.e.StandardJMeterEngine: Thread will continue on error
2019-08-07 10:41:19,748 INFO o.a.j.t.ThreadGroup: Starting thread group... number=1 threads=1 ramp-up=1 perThread=1000.0 delayedStart=false
2019-08-07 10:41:19,749 INFO o.a.j.t.ThreadGroup: Started thread group number 1
2019-08-07 10:41:19,749 INFO o.a.j.e.StandardJMeterEngine: All thread groups have been started
2019-08-07 10:41:19,749 INFO o.a.j.t.JMeterThread: Thread started: 线程组 1-1
2019-08-07 10:41:22,528 INFO o.a.j.t.JMeterThread: Thread is done: 线程组 1-1
2019-08-07 10:41:22,528 INFO o.a.j.t.JMeterThread: Thread finished: 线程组 1-1
2019-08-07 10:41:22,528 INFO o.a.j.e.StandardJMeterEngine: Notifying test listeners of end of test
2019-08-07 10:41:22,529 INFO o.a.j.g.u.JMeterMenuBar: setRunning(false, *local*)
2019-08-07 10:41:38,817 INFO o.a.j.e.StandardJMeterEngine: Running the test!
2019-08-07 10:41:38,818 INFO o.a.j.s.SampleEvent: List of sample_variables: []
2019-08-07 10:41:38,819 INFO o.a.j.g.u.JMeterMenuBar: setRunning(true, *local*)
2019-08-07 10:41:38,962 INFO o.a.j.e.StandardJMeterEngine: Starting ThreadGroup: 1 : 线程组
2019-08-07 10:41:38,962 INFO o.a.j.e.StandardJMeterEngine: Starting 1 threads for group 线程组.
2019-08-07 10:41:38,962 INFO o.a.j.e.StandardJMeterEngine: Thread will continue on error
2019-08-07 10:41:38,963 INFO o.a.j.t.ThreadGroup: Starting thread group... number=1 threads=1 ramp-up=1 perThread=1000.0 delayedStart=false
2019-08-07 10:41:38,963 INFO o.a.j.t.ThreadGroup: Started thread group number 1
2019-08-07 10:41:38,964 INFO o.a.j.e.StandardJMeterEngine: All thread groups have been started
2019-08-07 10:41:38,964 INFO o.a.j.t.JMeterThread: Thread started: 线程组 1-1
2019-08-07 10:41:41,765 INFO o.a.j.t.JMeterThread: Thread is done: 线程组 1-1
2019-08-07 10:41:41,766 INFO o.a.j.t.JMeterThread: Thread finished: 线程组 1-1
2019-08-07 10:41:41,766 INFO o.a.j.e.StandardJMeterEngine: Notifying test listeners of end of test
2019-08-07 10:41:41,766 INFO o.a.j.g.u.JMeterMenuBar: setRunning(false, *local*)
2019-08-07 10:41:45,756 INFO o.a.j.e.StandardJMeterEngine: Running the test!
2019-08-07 10:41:45,757 INFO o.a.j.s.SampleEvent: List of sample_variables: []
2019-08-07 10:41:45,757 INFO o.a.j.g.u.JMeterMenuBar: setRunning(true, *local*)
2019-08-07 10:41:45,890 INFO o.a.j.e.StandardJMeterEngine: Starting ThreadGroup: 1 : 线程组
2019-08-07 10:41:45,891 INFO o.a.j.e.StandardJMeterEngine: Starting 1 threads for group 线程组.
2019-08-07 10:41:45,891 INFO o.a.j.e.StandardJMeterEngine: Thread will continue on error
2019-08-07 10:41:45,891 INFO o.a.j.t.ThreadGroup: Starting thread group... number=1 threads=1 ramp-up=1 perThread=1000.0 delayedStart=false
2019-08-07 10:41:45,891 INFO o.a.j.t.ThreadGroup: Started thread group number 1
2019-08-07 10:41:45,891 INFO o.a.j.e.StandardJMeterEngine: All thread groups have been started
2019-08-07 10:41:45,892 INFO o.a.j.t.JMeterThread: Thread started: 线程组 1-1
2019-08-07 10:41:48,802 INFO o.a.j.t.JMeterThread: Thread is done: 线程组 1-1
2019-08-07 10:41:48,802 INFO o.a.j.t.JMeterThread: Thread finished: 线程组 1-1
2019-08-07 10:41:48,802 INFO o.a.j.e.StandardJMeterEngine: Notifying test listeners of end of test
2019-08-07 10:41:48,804 INFO o.a.j.g.u.JMeterMenuBar: setRunning(false, *local*)
2019-08-07 10:42:07,848 INFO o.a.j.e.StandardJMeterEngine: Running the test!
2019-08-07 10:42:07,848 INFO o.a.j.s.SampleEvent: List of sample_variables: []
2019-08-07 10:42:07,850 INFO o.a.j.g.u.JMeterMenuBar: setRunning(true, *local*)
2019-08-07 10:42:07,987 INFO o.a.j.e.StandardJMeterEngine: Starting ThreadGroup: 1 : 线程组
2019-08-07 10:42:07,987 INFO o.a.j.e.StandardJMeterEngine: Starting 1 threads for group 线程组.
2019-08-07 10:42:07,987 INFO o.a.j.e.StandardJMeterEngine: Thread will continue on error
2019-08-07 10:42:07,987 INFO o.a.j.t.ThreadGroup: Starting thread group... number=1 threads=1 ramp-up=1 perThread=1000.0 delayedStart=false
2019-08-07 10:42:07,988 INFO o.a.j.t.ThreadGroup: Started thread group number 1
2019-08-07 10:42:07,988 INFO o.a.j.e.StandardJMeterEngine: All thread groups have been started
2019-08-07 10:42:07,988 INFO o.a.j.t.JMeterThread: Thread started: 线程组 1-1
2019-08-07 10:42:10,598 INFO o.a.j.t.JMeterThread: Thread is done: 线程组 1-1
2019-08-07 10:42:10,598 INFO o.a.j.t.JMeterThread: Thread finished: 线程组 1-1
2019-08-07 10:42:10,598 INFO o.a.j.e.StandardJMeterEngine: Notifying test listeners of end of test
2019-08-07 10:42:10,600 INFO o.a.j.g.u.JMeterMenuBar: setRunning(false, *local*)
2019-08-07 10:43:08,984 INFO o.a.j.e.StandardJMeterEngine: Running the test!
2019-08-07 10:43:08,985 INFO o.a.j.s.SampleEvent: List of sample_variables: []
2019-08-07 10:43:08,986 INFO o.a.j.g.u.JMeterMenuBar: setRunning(true, *local*)
2019-08-07 10:43:09,119 INFO o.a.j.e.StandardJMeterEngine: Starting ThreadGroup: 1 : 线程组
2019-08-07 10:43:09,119 INFO o.a.j.e.StandardJMeterEngine: Starting 1 threads for group 线程组.
2019-08-07 10:43:09,119 INFO o.a.j.e.StandardJMeterEngine: Thread will continue on error
2019-08-07 10:43:09,120 INFO o.a.j.t.ThreadGroup: Starting thread group... number=1 threads=1 ramp-up=1 perThread=1000.0 delayedStart=false
2019-08-07 10:43:09,120 INFO o.a.j.t.ThreadGroup: Started thread group number 1
2019-08-07 10:43:09,120 INFO o.a.j.e.StandardJMeterEngine: All thread groups have been started
2019-08-07 10:43:09,121 INFO o.a.j.t.JMeterThread: Thread started: 线程组 1-1
2019-08-07 10:43:11,856 INFO o.a.j.t.JMeterThread: Thread is done: 线程组 1-1
2019-08-07 10:43:11,856 INFO o.a.j.t.JMeterThread: Thread finished: 线程组 1-1
2019-08-07 10:43:11,856 INFO o.a.j.e.StandardJMeterEngine: Notifying test listeners of end of test
2019-08-07 10:43:11,858 INFO o.a.j.g.u.JMeterMenuBar: setRunning(false, *local*)
2019-08-07 10:43:39,911 INFO o.a.j.e.StandardJMeterEngine: Running the test!
2019-08-07 10:43:39,911 INFO o.a.j.s.SampleEvent: List of sample_variables: []
2019-08-07 10:43:39,912 INFO o.a.j.g.u.JMeterMenuBar: setRunning(true, *local*)
2019-08-07 10:43:40,063 INFO o.a.j.e.StandardJMeterEngine: Starting ThreadGroup: 1 : 线程组
2019-08-07 10:43:40,063 INFO o.a.j.e.StandardJMeterEngine: Starting 1 threads for group 线程组.
2019-08-07 10:43:40,063 INFO o.a.j.e.StandardJMeterEngine: Thread will continue on error
2019-08-07 10:43:40,063 INFO o.a.j.t.ThreadGroup: Starting thread group... number=1 threads=1 ramp-up=1 perThread=1000.0 delayedStart=false
2019-08-07 10:43:40,064 INFO o.a.j.t.ThreadGroup: Started thread group number 1
2019-08-07 10:43:40,064 INFO o.a.j.e.StandardJMeterEngine: All thread groups have been started
2019-08-07 10:43:40,064 INFO o.a.j.t.JMeterThread: Thread started: 线程组 1-1
2019-08-07 10:43:40,065 INFO o.a.j.t.JMeterThread: Thread is done: 线程组 1-1
2019-08-07 10:43:40,065 INFO o.a.j.t.JMeterThread: Thread finished: 线程组 1-1
2019-08-07 10:43:40,065 INFO o.a.j.e.StandardJMeterEngine: Notifying test listeners of end of test
2019-08-07 10:43:40,065 INFO o.a.j.g.u.JMeterMenuBar: setRunning(false, *local*)
2019-08-07 10:43:54,365 INFO o.a.j.e.StandardJMeterEngine: Running the test!
2019-08-07 10:43:54,366 INFO o.a.j.s.SampleEvent: List of sample_variables: []
2019-08-07 10:43:54,367 INFO o.a.j.g.u.JMeterMenuBar: setRunning(true, *local*)
2019-08-07 10:43:54,498 INFO o.a.j.e.StandardJMeterEngine: Starting ThreadGroup: 1 : 线程组
2019-08-07 10:43:54,499 INFO o.a.j.e.StandardJMeterEngine: Starting 1 threads for group 线程组.
2019-08-07 10:43:54,499 INFO o.a.j.e.StandardJMeterEngine: Thread will continue on error
2019-08-07 10:43:54,499 INFO o.a.j.t.ThreadGroup: Starting thread group... number=1 threads=1 ramp-up=1 perThread=1000.0 delayedStart=false
2019-08-07 10:43:54,499 INFO o.a.j.t.ThreadGroup: Started thread group number 1
2019-08-07 10:43:54,499 INFO o.a.j.e.StandardJMeterEngine: All thread groups have been started
2019-08-07 10:43:54,499 INFO o.a.j.t.JMeterThread: Thread started: 线程组 1-1
2019-08-07 10:43:57,014 INFO o.a.j.t.JMeterThread: Thread is done: 线程组 1-1
2019-08-07 10:43:57,014 INFO o.a.j.t.JMeterThread: Thread finished: 线程组 1-1
2019-08-07 10:43:57,014 INFO o.a.j.e.StandardJMeterEngine: Notifying test listeners of end of test
2019-08-07 10:43:57,016 INFO o.a.j.g.u.JMeterMenuBar: setRunning(false, *local*)
2019-08-07 10:44:16,516 INFO o.a.j.e.StandardJMeterEngine: Running the test!
2019-08-07 10:44:16,516 INFO o.a.j.s.SampleEvent: List of sample_variables: []
2019-08-07 10:44:16,517 INFO o.a.j.g.u.JMeterMenuBar: setRunning(true, *local*)
2019-08-07 10:44:16,650 INFO o.a.j.e.StandardJMeterEngine: Starting ThreadGroup: 1 : 线程组
2019-08-07 10:44:16,650 INFO o.a.j.e.StandardJMeterEngine: Starting 1 threads for group 线程组.
2019-08-07 10:44:16,650 INFO o.a.j.e.StandardJMeterEngine: Thread will continue on error
2019-08-07 10:44:16,650 INFO o.a.j.t.ThreadGroup: Starting thread group... number=1 threads=1 ramp-up=1 perThread=1000.0 delayedStart=false
2019-08-07 10:44:16,651 INFO o.a.j.t.ThreadGroup: Started thread group number 1
2019-08-07 10:44:16,651 INFO o.a.j.e.StandardJMeterEngine: All thread groups have been started
2019-08-07 10:44:16,651 INFO o.a.j.t.JMeterThread: Thread started: 线程组 1-1
2019-08-07 10:44:19,387 INFO o.a.j.t.JMeterThread: Thread is done: 线程组 1-1
2019-08-07 10:44:19,387 INFO o.a.j.t.JMeterThread: Thread finished: 线程组 1-1
2019-08-07 10:44:19,387 INFO o.a.j.e.StandardJMeterEngine: Notifying test listeners of end of test
2019-08-07 10:44:19,389 INFO o.a.j.g.u.JMeterMenuBar: setRunning(false, *local*)
